#
# There is insufficient memory for the Java Runtime Environment to continue.
# Native memory allocation (mmap) failed to map 268435456 bytes for Failed to commit area from 0x0000000701e00000 to 0x0000000711e00000 of length 268435456.
# Possible reasons:
#   The system is out of physical RAM or swap space
#   The process is running with CompressedOops enabled, and the Java Heap may be blocking the growth of the native heap
# Possible solutions:
#   Reduce memory load on the system
#   Increase physical memory or swap space
#   Check if swap backing store is full
#   Decrease Java heap size (-Xmx/-Xms)
#   Decrease number of Java threads
#   Decrease Java thread stack sizes (-Xss)
#   Set larger code cache with -XX:ReservedCodeCacheSize=
# This output file may be truncated or incomplete.
#
#  Out of Memory Error (c:/BuildAgent/work/5ff2f6c26000d570/src/hotspot/os/windows/os_windows.cpp:3281), pid=30616, tid=3500
#
# JRE version:  (11.0.4+10) (build )
# Java VM: OpenJDK 64-Bit Server VM (11.0.4+10-b304.69, mixed mode, aot, sharing, tiered, compressed oops, g1 gc, windows-amd64)
# No core dump will be written. Minidumps are not enabled by default on client versions of Windows
#

---------------  S U M M A R Y ------------

Command Line: org.jetbrains.git4idea.http.GitAskPassApp Username for 'https://github.com': 

Host: Intel(R) Core(TM) i5-8400 CPU @ 2.80GHz, 6 cores, 15G,  Windows 10 , 64 bit Build 18362 (10.0.18362.959)
Time: Tue Aug 25 17:31:34 2020 SE Asia Standard Time elapsed time: 0 seconds (0d 0h 0m 0s)

---------------  T H R E A D  ---------------

Current thread (0x00000205e34b8000):  JavaThread "Unknown thread" [_thread_in_vm, id=3500, stack(0x000000346ee00000,0x000000346ef00000)]

Stack: [0x000000346ee00000,0x000000346ef00000]
Native frames: (J=compiled Java code, j=interpreted, Vv=VM code, C=native code)
V  [jvm.dll+0x5db31a]
V  [jvm.dll+0x70c395]
V  [jvm.dll+0x70d8b8]
V  [jvm.dll+0x70df83]
V  [jvm.dll+0x23dbb8]
V  [jvm.dll+0x5d8a74]
V  [jvm.dll+0x5cdb05]
V  [jvm.dll+0x2fa5bb]
V  [jvm.dll+0x2fa52a]
V  [jvm.dll+0x2fa402]
V  [jvm.dll+0x2ff2c6]
V  [jvm.dll+0x347893]
V  [jvm.dll+0x347f96]
V  [jvm.dll+0x347993]
V  [jvm.dll+0x2d4e28]
V  [jvm.dll+0x2d5fd7]
V  [jvm.dll+0x6eb717]
V  [jvm.dll+0x6ecf0c]
V  [jvm.dll+0x354fb9]
V  [jvm.dll+0x6d35be]
V  [jvm.dll+0x3bd673]
V  [jvm.dll+0x3bf9f1]
C  [java.exe+0x3763]
C  [java.exe+0x17a0c]
C  [KERNEL32.DLL+0x17bd4]
C  [ntdll.dll+0x6ce51]


---------------  P R O C E S S  ---------------

Threads class SMR info:
_java_thread_list=0x00000205e1ac84f0, length=0, elements={
}

Java Threads: ( => current thread )

Other Threads:
  0x00000205e34cf000 GCTaskThread "GC Thread#0" [stack: 0x000000346ef00000,0x000000346f000000] [id=23256]
  0x00000205e352b000 ConcurrentGCThread "G1 Main Marker" [stack: 0x000000346f000000,0x000000346f100000] [id=33780]
  0x00000205e352c800 ConcurrentGCThread "G1 Conc#0" [stack: 0x000000346f100000,0x000000346f200000] [id=10736]

[error occurred during error reporting (printing all threads), id 0xc0000005, EXCEPTION_ACCESS_VIOLATION (0xc0000005) at pc=0x00007ffb4eb85727]

VM state:not at safepoint (not fully initialized)

VM Mutex/Monitor currently owned by a thread:  ([mutex/lock_event])
[0x00000205e34b5d70] Heap_lock - owner thread: 0x00000205e34b8000

Heap address: 0x0000000701e00000, size: 4066 MB, Compressed Oops mode: Non-zero based: 0x0000000701e00000
Narrow klass base: 0x0000000000000000, Narrow klass shift: 0

GC Heap History (0 events):
No events

Deoptimization events (0 events):
No events

Classes redefined (0 events):
No events

Internal exceptions (0 events):
No events

Events (0 events):
No events


Dynamic libraries:
0x00007ff7f9440000 - 0x00007ff7f9487000 	C:\Program Files\JetBrains\IntelliJ IDEA Community Edition 2019.2.3\jbr\bin\java.exe
0x00007ffbb1ea0000 - 0x00007ffbb2090000 	C:\Windows\SYSTEM32\ntdll.dll
0x00007ffbb1840000 - 0x00007ffbb18f2000 	C:\Windows\System32\KERNEL32.DLL
0x00007ffbaedf0000 - 0x00007ffbaf094000 	C:\Windows\System32\KERNELBASE.dll
0x00007ffbb19d0000 - 0x00007ffbb1b65000 	C:\Windows\System32\USER32.dll
0x00007ffbaf5a0000 - 0x00007ffbaf5c1000 	C:\Windows\System32\win32u.dll
0x00007ffbb0fd0000 - 0x00007ffbb0ff6000 	C:\Windows\System32\GDI32.dll
0x00007ffbaf0d0000 - 0x00007ffbaf266000 	C:\Windows\System32\gdi32full.dll
0x00007ffbafd60000 - 0x00007ffbafdfe000 	C:\Windows\System32\msvcp_win.dll
0x00007ffbafe00000 - 0x00007ffbafefa000 	C:\Windows\System32\ucrtbase.dll
0x00007ffba2720000 - 0x00007ffba29a4000 	C:\Windows\WinSxS\amd64_microsoft.windows.common-controls_6595b64144ccf1df_6.0.18362.1016_none_9e7a36bbe461dae4\COMCTL32.dll
0x00007ffbb12b0000 - 0x00007ffbb134e000 	C:\Windows\System32\msvcrt.dll
0x00007ffbb0c90000 - 0x00007ffbb0fc5000 	C:\Windows\System32\combase.dll
0x00007ffbb1180000 - 0x00007ffbb12a0000 	C:\Windows\System32\RPCRT4.dll
0x00007ffbaf470000 - 0x00007ffbaf4f0000 	C:\Windows\System32\bcryptPrimitives.dll
0x00007ffbb1900000 - 0x00007ffbb192e000 	C:\Windows\System32\IMM32.DLL
0x00007ffba76c0000 - 0x00007ffba76d7000 	C:\Program Files\JetBrains\IntelliJ IDEA Community Edition 2019.2.3\jbr\bin\vcruntime140.dll
0x00007ffb810b0000 - 0x00007ffb8114d000 	C:\Program Files\JetBrains\IntelliJ IDEA Community Edition 2019.2.3\jbr\bin\msvcp140.dll
0x00007ffb4e8a0000 - 0x00007ffb4f358000 	C:\Program Files\JetBrains\IntelliJ IDEA Community Edition 2019.2.3\jbr\bin\server\jvm.dll
0x00007ffbb1000000 - 0x00007ffbb10a3000 	C:\Windows\System32\ADVAPI32.dll
0x00007ffbb1360000 - 0x00007ffbb13f7000 	C:\Windows\System32\sechost.dll
0x00007ffbb1350000 - 0x00007ffbb1358000 	C:\Windows\System32\PSAPI.DLL
0x00007ffba9750000 - 0x00007ffba9759000 	C:\Windows\SYSTEM32\WSOCK32.dll
0x00007ffbaaf10000 - 0x00007ffbaaf1a000 	C:\Windows\SYSTEM32\VERSION.dll
0x00007ffba0f80000 - 0x00007ffba0fa4000 	C:\Windows\SYSTEM32\WINMM.dll
0x00007ffbb1400000 - 0x00007ffbb146f000 	C:\Windows\System32\WS2_32.dll
0x00007ffba69b0000 - 0x00007ffba69dd000 	C:\Windows\SYSTEM32\winmmbase.dll
0x00007ffbaf3c0000 - 0x00007ffbaf40a000 	C:\Windows\System32\cfgmgr32.dll
0x00007ffbaedb0000 - 0x00007ffbaedc1000 	C:\Windows\System32\kernel.appcore.dll
0x00007ffba42c0000 - 0x00007ffba42d1000 	C:\Program Files\JetBrains\IntelliJ IDEA Community Edition 2019.2.3\jbr\bin\verify.dll
0x00007ffbaa630000 - 0x00007ffbaa824000 	C:\Windows\SYSTEM32\DBGHELP.DLL
0x00007ffbaa590000 - 0x00007ffbaa5ba000 	C:\Windows\SYSTEM32\dbgcore.DLL
0x00007ffb930e0000 - 0x00007ffb93109000 	C:\Program Files\JetBrains\IntelliJ IDEA Community Edition 2019.2.3\jbr\bin\java.dll
0x00007ffb95ce0000 - 0x00007ffb95cf7000 	C:\Program Files\JetBrains\IntelliJ IDEA Community Edition 2019.2.3\jbr\bin\zip.dll
0x00007ffba9740000 - 0x00007ffba974b000 	C:\Program Files\JetBrains\IntelliJ IDEA Community Edition 2019.2.3\jbr\bin\jimage.dll

dbghelp: loaded successfully - version: 4.0.5 - missing functions: none
symbol engine: initialized successfully - sym options: 0x614 - pdb path: .;C:\Program Files\JetBrains\IntelliJ IDEA Community Edition 2019.2.3\jbr\bin;C:\Windows\SYSTEM32;C:\Windows\WinSxS\amd64_microsoft.windows.common-controls_6595b64144ccf1df_6.0.18362.1016_none_9e7a36bbe461dae4;C:\Program Files\JetBrains\IntelliJ IDEA Community Edition 2019.2.3\jbr\bin\server

VM Arguments:
java_command: org.jetbrains.git4idea.http.GitAskPassApp Username for 'https://github.com': 
java_class_path (initial): C:/Program Files/JetBrains/IntelliJ IDEA Community Edition 2019.2.3/plugins/git4idea/lib/git4idea-rt.jar;C:/Program Files/JetBrains/IntelliJ IDEA Community Edition 2019.2.3/lib/xmlrpc-2.0.1.jar;C:/Program Files/JetBrains/IntelliJ IDEA Community Edition 2019.2.3/lib/commons-codec-1.13.jar;C:/Program Files/JetBrains/IntelliJ IDEA Community Edition 2019.2.3/lib/util.jar
Launcher Type: SUN_STANDARD

[Global flags]
     intx CICompilerCount                          = 3                                         {product} {ergonomic}
     uint ConcGCThreads                            = 2                                         {product} {ergonomic}
     uint G1ConcRefinementThreads                  = 6                                         {product} {ergonomic}
   size_t G1HeapRegionSize                         = 1048576                                   {product} {ergonomic}
    uintx GCDrainStackTargetSize                   = 64                                        {product} {ergonomic}
   size_t InitialHeapSize                          = 268435456                                 {product} {ergonomic}
   size_t MarkStackSize                            = 4194304                                   {product} {ergonomic}
   size_t MaxHeapSize                              = 4263510016                                {product} {ergonomic}
   size_t MinHeapDeltaBytes                        = 1048576                                   {product} {ergonomic}
    uintx NonNMethodCodeHeapSize                   = 5830092                                {pd product} {ergonomic}
    uintx NonProfiledCodeHeapSize                  = 122914074                              {pd product} {ergonomic}
    uintx ProfiledCodeHeapSize                     = 122914074                              {pd product} {ergonomic}
    uintx ReservedCodeCacheSize                    = 251658240                              {pd product} {ergonomic}
     bool SegmentedCodeCache                       = true                                      {product} {ergonomic}
     bool UseCompressedClassPointers               = true                                 {lp64_product} {ergonomic}
     bool UseCompressedOops                        = true                                 {lp64_product} {ergonomic}
     bool UseG1GC                                  = true                                      {product} {ergonomic}
     bool UseLargePagesIndividualAllocation        = false                                  {pd product} {ergonomic}

Logging:
Log output configuration:
 #0: stdout all=warning uptime,level,tags
 #1: stderr all=off uptime,level,tags

Environment Variables:
JAVA_HOME=D:\software\java-1.8.0-openjdk-1.8.0.232-1.b09.ojdkbuild.windows.x86_64\java-1.8.0-openjdk-1.8.0.232-1.b09.ojdkbuild.windows.x86_64
PATH=C:\Program Files\Git\mingw64\libexec\git-core;C:\Program Files\Git\mingw64\libexec\git-core;C:\Program Files\Git\mingw64\bin;C:\Program Files\Git\usr\bin;C:\Users\User\bin;D:\app\User\product\11.2.0\dbhome_1\bin;D:\app\User\product\11.2.0\dbhome_4\bin;D:\app\User\product\11.2.0\dbhome_3\bin;D:\app\User\product\11.2.0\dbhome_2\bin;C:\Windows\system32;C:\Windows;C:\Windows\System32\Wbem;C:\Windows\System32\WindowsPowerShell\v1.0;C:\Windows\System32\OpenSSH;C:\Program Files\Git\cmd;C:\Program Files\TortoiseGit\bin;C:\Users\User\AppData\Local\Android\Sdk\platform-tools;C:\Program Files (x86)\Yarn\bin;C:\Program Files\nodejs;C:\composer;C:\Users\User\AppData\Local\Microsoft\WindowsApps;D:\software\java-1.8.0-openjdk-1.8.0.232-1.b09.ojdkbuild.windows.x86_64\java-1.8.0-openjdk-1.8.0.232-1.b09.ojdkbuild.windows.x86_64\bin;C:\Users\User\AppData\Local\Yarn\bin;C:\Users\User\AppData\Local\Programs\Microsoft VS Code\bin;C:\Users\User\AppData\Roaming\npm;C:\Users\User\AppData\Roaming\Composer\vendor\bin;C:\xampp72\php
USERNAME=User
DISPLAY=:0.0
OS=Windows_NT
PROCESSOR_IDENTIFIER=Intel64 Family 6 Model 158 Stepping 10, GenuineIntel



---------------  S Y S T E M  ---------------

OS: Windows 10 , 64 bit Build 18362 (10.0.18362.959)

CPU:total 6 (initial active 6) (6 cores per cpu, 1 threads per core) family 6 model 158 stepping 10, cmov, cx8, fxsr, mmx, sse, sse2, sse3, ssse3, sse4.1, sse4.2, popcnt, avx, avx2, aes, clmul, erms, 3dnowpref, lzcnt, tsc, tscinvbit, bmi1, bmi2, adx, fma

Memory: 4k page, system-wide physical 16256M (1719M free)
TotalPageFile size 38292M (AvailPageFile size 124M)
current process WorkingSet (physical memory assigned to process): 10M, peak: 10M
current process commit charge ("private bytes"): 56M, peak: 312M

vm_info: OpenJDK 64-Bit Server VM (11.0.4+10-b304.69) for windows-amd64 JRE (11.0.4+10-b304.69), built on Sep  9 2019 11:39:50 by "" with MS VC++ 14.0 (VS2015)

END.
